#-----------------------------------------------------------
# Vivado v2018.3 (64-bit)
# SW Build 2405991 on Thu Dec  6 23:38:27 MST 2018
# IP Build 2404404 on Fri Dec  7 01:43:56 MST 2018
# Start of session at: Mon May 26 17:11:32 2025
# Process ID: 16780
# Current directory: C:/Users/SAMPR/Downloads/Nano_processor_improved_DNG/Nano_processor_improved/Nano_processor_improved
# Command line: vivado.exe -gui_launcher_event rodinguilauncherevent19252 C:\Users\SAMPR\Downloads\Nano_processor_improved_DNG\Nano_processor_improved\Nano_processor_improved\Nano_processor_improved.xpr
# Log file: C:/Users/SAMPR/Downloads/Nano_processor_improved_DNG/Nano_processor_improved/Nano_processor_improved/vivado.log
# Journal file: C:/Users/SAMPR/Downloads/Nano_processor_improved_DNG/Nano_processor_improved/Nano_processor_improved\vivado.jou
#-----------------------------------------------------------
start_gui
open_project C:/Users/SAMPR/Downloads/Nano_processor_improved_DNG/Nano_processor_improved/Nano_processor_improved/Nano_processor_improved.xpr
INFO: [ProjectBase 1-489] The host OS only allows 260 characters in a normal path. The project is stored in a path with more than 80 characters. If you experience issues with IP, Block Designs, or files not being found, please consider moving the project to a location with a shorter path. Alternately consider using the OS subst command to map part of the path to a drive letter.
Current project path is 'C:/Users/SAMPR/Downloads/Nano_processor_improved_DNG/Nano_processor_improved/Nano_processor_improved'
INFO: [Project 1-313] Project file moved from 'C:/Users/dinur/Desktop/Chanupa_Project/Nano_processor_improved/Nano_processor_improved' since last save.
Scanning sources...
Finished scanning sources
INFO: [Project 1-230] Project 'Nano_processor_improved.xpr' upgraded for this version of Vivado.
INFO: [IP_Flow 19-234] Refreshing IP repositories
INFO: [IP_Flow 19-1704] No user IP repositories specified
INFO: [IP_Flow 19-2313] Loaded Vivado IP repository 'C:/Xilinx/Vivado/2018.3/data/ip'.
open_project: Time (s): cpu = 00:00:14 ; elapsed = 00:00:07 . Memory (MB): peak = 856.172 ; gain = 160.215
update_compile_order -fileset sources_1
reset_run synth_1
launch_runs synth_1 -jobs 8
[Mon May 26 17:12:39 2025] Launched synth_1...
Run output will be captured here: C:/Users/SAMPR/Downloads/Nano_processor_improved_DNG/Nano_processor_improved/Nano_processor_improved/Nano_processor_improved.runs/synth_1/runme.log
launch_runs impl_1 -jobs 8
[Mon May 26 17:13:19 2025] Launched impl_1...
Run output will be captured here: C:/Users/SAMPR/Downloads/Nano_processor_improved_DNG/Nano_processor_improved/Nano_processor_improved/Nano_processor_improved.runs/impl_1/runme.log
launch_runs impl_1 -to_step write_bitstream -jobs 8
[Mon May 26 17:14:17 2025] Launched impl_1...
Run output will be captured here: C:/Users/SAMPR/Downloads/Nano_processor_improved_DNG/Nano_processor_improved/Nano_processor_improved/Nano_processor_improved.runs/impl_1/runme.log
exit
INFO: [Common 17-206] Exiting Vivado at Mon May 26 17:15:45 2025...
