#-----------------------------------------------------------
# Vivado v2018.3 (64-bit)
# SW Build 2405991 on Thu Dec  6 23:38:27 MST 2018
# IP Build 2404404 on Fri Dec  7 01:43:56 MST 2018
# Start of session at: Sun May 18 10:49:43 2025
# Process ID: 27580
# Current directory: C:/Nano Processor Design Challenge
# Command line: vivado.exe -gui_launcher_event rodinguilauncherevent29888 C:\Nano Processor Design Challenge\project_1.xpr
# Log file: C:/Nano Processor Design Challenge/vivado.log
# Journal file: C:/Nano Processor Design Challenge\vivado.jou
#-----------------------------------------------------------
start_gui
open_project {C:/Nano Processor Design Challenge/project_1.xpr}
Scanning sources...
Finished scanning sources
INFO: [IP_Flow 19-234] Refreshing IP repositories
INFO: [IP_Flow 19-1704] No user IP repositories specified
INFO: [IP_Flow 19-2313] Loaded Vivado IP repository 'C:/Xilinx/Vivado/2018.3/data/ip'.
open_project: Time (s): cpu = 00:00:17 ; elapsed = 00:00:08 . Memory (MB): peak = 1111.484 ; gain = 219.660
update_compile_order -fileset sources_1
exit
INFO: [Common 17-206] Exiting Vivado at Sun May 18 11:54:08 2025...
